Arguments: 
  /usr/local/bin/node /usr/share/yarn/bin/yarn.js start

PATH: 
  /usr/local/sbin:/usr/local/bin:/usr/sbin:/usr/bin:/sbin:/bin:/usr/games:/usr/local/games:/snap/bin:/home/preved/.yarn/bin

Yarn version: 
  1.19.1

Node version: 
  10.16.3

Platform: 
  linux x64

Trace: 
  SyntaxError: /home/preved/Projects/nextjs-jwt-auth-example/jwt-auth-example/package.json: Unexpected token } in JSON at position 274
      at JSON.parse (<anonymous>)
      at /usr/share/yarn/lib/cli.js:1625:59
      at Generator.next (<anonymous>)
      at step (/usr/share/yarn/lib/cli.js:304:30)
      at /usr/share/yarn/lib/cli.js:315:13

npm manifest: 
  {
    "name": "jwt-auth-example",
    "version": "1.0.0",
    "author": "underproof",
    "license": "MIT",
    "scripts": {
      "dev": "(cd server && yarn start) & (cd web-nextjs && yarn dev)",
      "prod": "(cd server && yarn start) & (cd web-nextjs && yarn build && yarn start)",
    }
  }

yarn manifest: 
  No manifest

Lockfile: 
  No lockfile
