Arguments: 
  /usr/local/bin/node /usr/share/yarn/bin/yarn.js gen

PATH: 
  /usr/local/sbin:/usr/local/bin:/usr/sbin:/usr/bin:/sbin:/bin:/usr/games:/usr/local/games:/snap/bin:info If you think this is a bug, please open a bug report with the information provided in "/home/preved/Projects/nextjs-jwt-auth-example/jwt-auth-example/yarn-error.log".
  info Visit https://yarnpkg.com/en/docs/cli/global for documentation about this command.

Yarn version: 
  1.19.1

Node version: 
  10.16.3

Platform: 
  linux x64

Trace: 
  SyntaxError: /home/preved/Projects/nextjs-jwt-auth-example/jwt-auth-example/package.json: Unexpected token } in JSON at position 274
      at JSON.parse (<anonymous>)
      at /usr/share/yarn/lib/cli.js:1625:59
      at Generator.next (<anonymous>)
      at step (/usr/share/yarn/lib/cli.js:304:30)
      at /usr/share/yarn/lib/cli.js:315:13

npm manifest: 
  {
    "name": "with-typescript",
    "version": "1.0.0",
    "license": "MIT",
    "scripts": {
      "dev": "next",
      "build": "next build",
      "start": "next start",
      "type-check": "tsc",
      "gen": "graphql-codegen --config codegen.yml"
    },
    "dependencies": {
      "@apollo/react-hooks": "^3.1.2",
      "@apollo/react-ssr": "^3.1.2",
      "apollo-boost": "^0.4.4",
      "apollo-link-context": "^1.0.19",
      "apollo-link-token-refresh": "^0.2.6",
      "cookie": "^0.4.0",
      "dotenv": "^8.2.0",
      "graphql": "^14.5.8",
      "isomorphic-unfetch": "^3.0.0",
      "jwt-decode": "^2.2.0",
      "next": "^9.0.7",
      "react": "^16.10.1",
      "react-dom": "^16.10.1"
    },
    "devDependencies": {
      "@graphql-codegen/cli": "^1.7.0",
      "@graphql-codegen/introspection": "1.7.0",
      "@graphql-codegen/typescript": "1.7.0",
      "@graphql-codegen/typescript-operations": "1.7.0",
      "@graphql-codegen/typescript-react-apollo": "1.7.0",
      "@next/bundle-analyzer": "^9.1.1",
      "@types/cookie": "^0.3.3",
      "@types/jwt-decode": "^2.2.1",
      "@types/node": "^12.7.8",
      "@types/react": "^16.9.3",
      "@types/react-dom": "^16.9.1",
      "@zeit/next-css": "^1.0.1",
      "@zeit/next-sass": "^1.0.1",
      "@zeit/next-source-maps": "^0.0.3",
      "next-compose-plugins": "^2.2.0",
      "next-fonts": "^0.19.0",
      "next-progressbar": "^1.0.0",
      "optimize-css-assets-webpack-plugin": "^5.0.3",
      "terser-webpack-plugin": "^2.2.1",
      "typescript": "3.6.3"
    }
  }

yarn manifest: 
  No manifest

Lockfile: 
  No lockfile
